Arguments: 
  /Users/mukitahara/.nodebrew/node/v14.17.0/bin/node /Users/mukitahara/.nodebrew/current/bin/yarn --production

PATH: 
  /usr/local/opt/openjdk@11/bin:/usr/local/opt/openjdk/bin:/Library/Frameworks/Python.framework/Versions/3.8/bin:/Users/mukitahara/.nodebrew/current/bin:/usr/local/bin:/usr/bin:/bin:/usr/sbin:/sbin:/Library/Apple/usr/bin:/usr/local/opt/openjdk@11/bin:/usr/local/opt/openjdk/bin:/Library/Frameworks/Python.framework/Versions/3.8/bin:/Users/mukitahara/.nodebrew/current/bin:/Users/mukitahara/Library/Python/3.8/bin:/Users/mukitahara/Library/Python/3.8/bin

Yarn version: 
  1.22.11

Node version: 
  14.17.0

Platform: 
  darwin x64

Trace: 
  SyntaxError: /Users/mukitahara/projects/workgroup/slideshare/amplify/backend/function/S3Trigger7909f23f/src/package.json: Unexpected token } in JSON at position 161
      at JSON.parse (<anonymous>)
      at /Users/mukitahara/.nodebrew/node/v14.17.0/lib/node_modules/yarn/lib/cli.js:1625:59
      at Generator.next (<anonymous>)
      at step (/Users/mukitahara/.nodebrew/node/v14.17.0/lib/node_modules/yarn/lib/cli.js:310:30)
      at /Users/mukitahara/.nodebrew/node/v14.17.0/lib/node_modules/yarn/lib/cli.js:321:13

npm manifest: 
  {
    "name": "S3Trigger7909f23f",
    "version": "2.0.0",
    "description": "Lambda function generated by Amplify",
    "main": "index.js",
    "license": "Apache-2.0",
  }

yarn manifest: 
  No manifest

Lockfile: 
  # THIS IS AN AUTOGENERATED FILE. DO NOT EDIT THIS FILE DIRECTLY.
  # yarn lockfile v1
  
  
  "@pdf-lib/standard-fonts@^1.0.0":
    "integrity" "sha512-hU30BK9IUN/su0Mn9VdlVKsWBS6GyhVfqjwl1FjZN4TxP6cCw0jP2w7V3Hf5uX7M0AZJ16vey9yE0ny7Sa59ZA=="
    "resolved" "https://registry.npmjs.org/@pdf-lib/standard-fonts/-/standard-fonts-1.0.0.tgz"
    "version" "1.0.0"
    dependencies:
      "pako" "^1.0.6"
  
  "@pdf-lib/upng@^1.0.1":
    "integrity" "sha512-dQK2FUMQtowVP00mtIksrlZhdFXQZPC+taih1q4CvPZ5vqdxR/LKBaFg0oAfzd1GlHZXXSPdQfzQnt+ViGvEIQ=="
    "resolved" "https://registry.npmjs.org/@pdf-lib/upng/-/upng-1.0.1.tgz"
    "version" "1.0.1"
    dependencies:
      "pako" "^1.0.10"
  
  "pako@^1.0.10", "pako@^1.0.11", "pako@^1.0.6":
    "integrity" "sha512-4hLB8Py4zZce5s4yd9XzopqwVv/yGNhV1Bl8NTmCq1763HeK2+EwVTv+leGeL13Dnh2wfbqowVPXCIO0z4taYw=="
    "resolved" "https://registry.npmjs.org/pako/-/pako-1.0.11.tgz"
    "version" "1.0.11"
  
  "pdf-lib@^1.16.0":
    "integrity" "sha512-P/1SSmElOBKrPlbc+Sn7UxikRQbzVA64+4Dh6/uczPscvq/NatP9eryoOguyBTpTnzICNiG8EnMH4Ziqp2TnFA=="
    "resolved" "https://registry.npmjs.org/pdf-lib/-/pdf-lib-1.16.0.tgz"
    "version" "1.16.0"
    dependencies:
      "@pdf-lib/standard-fonts" "^1.0.0"
      "@pdf-lib/upng" "^1.0.1"
      "pako" "^1.0.11"
      "tslib" "^1.11.1"
  
  "tslib@^1.11.1":
    "integrity" "sha512-Xni35NKzjgMrwevysHTCArtLDpPvye8zV/0E4EyYn43P7/7qvQwPh9BGkHewbMulVntbigmcT7rdX3BNo9wRJg=="
    "resolved" "https://registry.npmjs.org/tslib/-/tslib-1.14.1.tgz"
    "version" "1.14.1"
